  EditorState.cpp
C:\Users\Strutul\Desktop\visual studio\regex\regex\EditorState.cpp(166,72): warning C4244: 'argument': conversion from 'int' to 'T', possible loss of data
          with
          [
              T=float
          ]
C:\Users\Strutul\Desktop\visual studio\regex\regex\EditorState.cpp(166,65): warning C4244: 'argument': conversion from 'int' to 'T', possible loss of data
          with
          [
              T=float
          ]
C:\Users\Strutul\Desktop\visual studio\regex\regex\EditorState.cpp(243,49): warning C4244: 'argument': conversion from 'T' to 'T', possible loss of data
          with
          [
              T=int
          ]
          and
          [
              T=float
          ]
C:\Users\Strutul\Desktop\visual studio\regex\regex\EditorState.cpp(242,78): warning C4244: 'argument': conversion from 'T' to 'T', possible loss of data
          with
          [
              T=int
          ]
          and
          [
              T=float
          ]
C:\Users\Strutul\Desktop\visual studio\regex\regex\EditorState.cpp(287): warning C4715: 'EditorState::getNodeFromId': not all control paths return a value
  regex.vcxproj -> C:\Users\Strutul\Desktop\visual studio\regex\Debug\regex.exe
